\BOOKMARK [1][-]{section.1}{Exact diagonalization of the two-site Hubbard model \(real space\)}{}% 1
\BOOKMARK [2][-]{subsection.1.1}{Symmetries of the problem}{section.1}% 2
\BOOKMARK [2][-]{subsection.1.2}{Partitioning the Hilbert space}{section.1}% 3
\BOOKMARK [2][-]{subsection.1.3}{N = 1}{section.1}% 4
\BOOKMARK [3][-]{subsubsection.1.3.1}{Sztot = -1}{subsection.1.3}% 5
\BOOKMARK [3][-]{subsubsection.1.3.2}{Sztot = +1}{subsection.1.3}% 6
\BOOKMARK [2][-]{subsection.1.4}{N=3}{section.1}% 7
\BOOKMARK [3][-]{subsubsection.1.4.1}{Sztot = -1}{subsection.1.4}% 8
\BOOKMARK [3][-]{subsubsection.1.4.2}{Sztot = +1}{subsection.1.4}% 9
\BOOKMARK [2][-]{subsection.1.5}{N=4}{section.1}% 10
\BOOKMARK [2][-]{subsection.1.6}{N=2}{section.1}% 11
\BOOKMARK [3][-]{subsubsection.1.6.1}{Sztot = 1}{subsection.1.6}% 12
\BOOKMARK [3][-]{subsubsection.1.6.2}{Sztot = 0}{subsection.1.6}% 13
\BOOKMARK [2][-]{subsection.1.7}{The total spectrum}{section.1}% 14
\BOOKMARK [2][-]{subsection.1.8}{The Mott-insulating limit}{section.1}% 15
\BOOKMARK [2][-]{subsection.1.9}{Comparison with the antiferromagnetic Heisenberg model}{section.1}% 16
\BOOKMARK [2][-]{subsection.1.10}{Diagonalization in momentum space}{section.1}% 17
\BOOKMARK [3][-]{subsubsection.1.10.1}{N=1}{subsection.1.10}% 18
\BOOKMARK [1][-]{section.2}{Exact diagonalization of the Anderson molecule}{}% 19
\BOOKMARK [2][-]{subsection.2.1}{Symmetries of the problem}{section.2}% 20
\BOOKMARK [2][-]{subsection.2.2}{N = 1}{section.2}% 21
\BOOKMARK [3][-]{subsubsection.2.2.1}{Stotz = -1}{subsection.2.2}% 22
\BOOKMARK [3][-]{subsubsection.2.2.2}{Stotz = +1}{subsection.2.2}% 23
\BOOKMARK [2][-]{subsection.2.3}{N=3}{section.2}% 24
\BOOKMARK [3][-]{subsubsection.2.3.1}{Stotz = -1}{subsection.2.3}% 25
\BOOKMARK [3][-]{subsubsection.2.3.2}{Stotz = +1}{subsection.2.3}% 26
\BOOKMARK [2][-]{subsection.2.4}{N=2}{section.2}% 27
\BOOKMARK [3][-]{subsubsection.2.4.1}{Stotz = 1}{subsection.2.4}% 28
\BOOKMARK [3][-]{subsubsection.2.4.2}{Stotz = 0}{subsection.2.4}% 29
\BOOKMARK [2][-]{subsection.2.5}{The total spectrum}{section.2}% 30
\BOOKMARK [2][-]{subsection.2.6}{The Kondo molecule limit}{section.2}% 31
\BOOKMARK [1][-]{section.3}{Block diagonalization of a Fermionic Hamiltonian in single Fermion number occupancy basis}{}% 32
\BOOKMARK [2][-]{subsection.3.1}{The Problem}{section.3}% 33
\BOOKMARK [2][-]{subsection.3.2}{Warming Up - Writing the Hamiltonian as blocks}{section.3}% 34
\BOOKMARK [2][-]{subsection.3.3}{Proof of the theorem}{section.3}% 35
\BOOKMARK [2][-]{subsection.3.4}{Determining the N}{section.3}% 36
\BOOKMARK [2][-]{subsection.3.5}{A Simple Example}{section.3}% 37
\BOOKMARK [3][-]{subsubsection.3.5.1}{The Eigenstates}{subsection.3.5}% 38
\BOOKMARK [1][-]{section.4}{Applying the RG on the Hubbard dimer \(real space\)}{}% 39
\BOOKMARK [2][-]{subsection.4.1}{1=1}{section.4}% 40
\BOOKMARK [3][-]{subsubsection.4.1.1}{N=2}{subsection.4.1}% 41
\BOOKMARK [3][-]{subsubsection.4.1.2}{N=1}{subsection.4.1}% 42
\BOOKMARK [3][-]{subsubsection.4.1.3}{N=3}{subsection.4.1}% 43
\BOOKMARK [2][-]{subsection.4.2}{1=0}{section.4}% 44
\BOOKMARK [3][-]{subsubsection.4.2.1}{N=1}{subsection.4.2}% 45
\BOOKMARK [3][-]{subsubsection.4.2.2}{N=2}{subsection.4.2}% 46
\BOOKMARK [3][-]{subsubsection.4.2.3}{N=3}{subsection.4.2}% 47
\BOOKMARK [2][-]{subsection.4.3}{The eigenstates}{section.4}% 48
\BOOKMARK [3][-]{subsubsection.4.3.1}{N=1}{subsection.4.3}% 49
\BOOKMARK [3][-]{subsubsection.4.3.2}{N=3}{subsection.4.3}% 50
\BOOKMARK [3][-]{subsubsection.4.3.3}{N=2}{subsection.4.3}% 51
\BOOKMARK [1][-]{section.5}{Applying the RG on the Hubbard dimer \(momentum space\)}{}% 52
\BOOKMARK [2][-]{subsection.5.1}{N=1}{section.5}% 53
\BOOKMARK [2][-]{subsection.5.2}{N=2}{section.5}% 54
\BOOKMARK [2][-]{subsection.5.3}{N=3}{section.5}% 55
\BOOKMARK [1][-]{section.6}{Applying RG on the Anderson molecule}{}% 56
\BOOKMARK [2][-]{subsection.6.1}{N=1}{section.6}% 57
\BOOKMARK [2][-]{subsection.6.2}{N=2}{section.6}% 58
\BOOKMARK [2][-]{subsection.6.3}{N=3}{section.6}% 59
\BOOKMARK [1][-]{section.7}{Comparison of Schrieffer-Wolff transformation and URG}{}% 60
\BOOKMARK [2][-]{subsection.7.1}{The Schrieffer-Wolff transformation}{section.7}% 61
\BOOKMARK [2][-]{subsection.7.2}{Anderson Molecule}{section.7}% 62
\BOOKMARK [2][-]{subsection.7.3}{Hubbard dimer}{section.7}% 63
